------------------------------------------------------------------------------------------------------------------------

[2021-11-06 14:56:11 #1 store] 
Database 'C:\UNI\SI2\HorseRaces\null' is opened by 14996@DESKTOP-D1B8POF

[2021-11-06 14:56:11 #2 type] 
Type domain.Registered is not enhanced.

[2021-11-06 14:56:11 #3 type] 
Type domain.Admin is not enhanced.

[2021-11-06 14:56:11 #4 type] 
Type domain.Client is not enhanced.

[2021-11-06 14:56:11 #5 type] 
Type domain.Bet is not enhanced.

[2021-11-06 14:56:11 #6 type] 
Type domain.RaceHorse is not enhanced.

[2021-11-06 14:56:11 #7 type] 
Type domain.Horse is not enhanced.

[2021-11-06 14:56:11 #8 type] 
Type domain.Race is not enhanced.

[2021-11-06 14:56:11 #9 type] 
Type domain.StartTime is not enhanced.

------------------------------------------------------------------------------------------------------------------------

[2021-11-06 14:56:25 #1 store] 
Database 'C:\UNI\SI2\HorseRaces\null' is opened by 9372@DESKTOP-D1B8POF

[2021-11-06 14:56:25 #2 type] 
Type domain.Registered is not enhanced.

[2021-11-06 14:56:25 #3 type] 
Type domain.Admin is not enhanced.

[2021-11-06 14:56:25 #4 type] 
Type domain.Client is not enhanced.

[2021-11-06 14:56:25 #5 type] 
Type domain.Bet is not enhanced.

[2021-11-06 14:56:25 #6 type] 
Type domain.RaceHorse is not enhanced.

[2021-11-06 14:56:25 #7 type] 
Type domain.Horse is not enhanced.

[2021-11-06 14:56:25 #8 type] 
Type domain.Race is not enhanced.

[2021-11-06 14:56:25 #9 type] 
Type domain.StartTime is not enhanced.

------------------------------------------------------------------------------------------------------------------------

[2021-11-06 16:12:05 #1 store] 
Database 'C:\UNI\SI2\HorseRaces\null' is opened by 18004@DESKTOP-D1B8POF

[2021-11-06 16:12:05 #2 type] 
Type domain.Registered is not enhanced.

[2021-11-06 16:12:05 #3 type] 
Type domain.Admin is not enhanced.

[2021-11-06 16:12:05 #4 type] 
Type domain.Client is not enhanced.

[2021-11-06 16:12:05 #5 type] 
Type domain.Bet is not enhanced.

[2021-11-06 16:12:05 #6 type] 
Type domain.RaceHorse is not enhanced.

[2021-11-06 16:12:05 #7 type] 
Type domain.Horse is not enhanced.

[2021-11-06 16:12:05 #8 type] 
Type domain.Race is not enhanced.

[2021-11-06 16:12:05 #9 type] 
Type domain.StartTime is not enhanced.

------------------------------------------------------------------------------------------------------------------------

[2021-11-06 16:12:36 #1 store] 
Database 'C:\UNI\SI2\HorseRaces\null' is opened by 9148@DESKTOP-D1B8POF

[2021-11-06 16:12:36 #2 type] 
Type domain.Registered is not enhanced.

[2021-11-06 16:12:36 #3 type] 
Type domain.Admin is not enhanced.

[2021-11-06 16:12:36 #4 type] 
Type domain.Client is not enhanced.

[2021-11-06 16:12:36 #5 type] 
Type domain.Bet is not enhanced.

[2021-11-06 16:12:36 #6 type] 
Type domain.RaceHorse is not enhanced.

[2021-11-06 16:12:36 #7 type] 
Type domain.Horse is not enhanced.

[2021-11-06 16:12:36 #8 type] 
Type domain.Race is not enhanced.

[2021-11-06 16:12:36 #9 type] 
Type domain.StartTime is not enhanced.

------------------------------------------------------------------------------------------------------------------------

[2021-11-06 16:13:15 #1 store] 
Database 'C:\UNI\SI2\HorseRaces\null' is opened by 15328@DESKTOP-D1B8POF

[2021-11-06 16:13:15 #2 type] 
Type domain.Registered is not enhanced.

[2021-11-06 16:13:15 #3 type] 
Type domain.Admin is not enhanced.

[2021-11-06 16:13:15 #4 type] 
Type domain.Client is not enhanced.

[2021-11-06 16:13:15 #5 type] 
Type domain.Bet is not enhanced.

[2021-11-06 16:13:15 #6 type] 
Type domain.RaceHorse is not enhanced.

[2021-11-06 16:13:15 #7 type] 
Type domain.Horse is not enhanced.

[2021-11-06 16:13:15 #8 type] 
Type domain.Race is not enhanced.

[2021-11-06 16:13:15 #9 type] 
Type domain.StartTime is not enhanced.

------------------------------------------------------------------------------------------------------------------------

[2021-11-06 16:14:25 #1 store] 
Database 'C:\UNI\SI2\HorseRaces\null' is opened by 6832@DESKTOP-D1B8POF

[2021-11-06 16:14:25 #2 type] 
Type domain.Registered is not enhanced.

[2021-11-06 16:14:25 #3 type] 
Type domain.Admin is not enhanced.

[2021-11-06 16:14:25 #4 type] 
Type domain.Client is not enhanced.

[2021-11-06 16:14:25 #5 type] 
Type domain.Bet is not enhanced.

[2021-11-06 16:14:25 #6 type] 
Type domain.RaceHorse is not enhanced.

[2021-11-06 16:14:25 #7 type] 
Type domain.Horse is not enhanced.

[2021-11-06 16:14:25 #8 type] 
Type domain.Race is not enhanced.

[2021-11-06 16:14:25 #9 type] 
Type domain.StartTime is not enhanced.

------------------------------------------------------------------------------------------------------------------------

[2021-11-06 16:14:54 #1 store] 
Database 'C:\UNI\SI2\HorseRaces\null' is opened by 2844@DESKTOP-D1B8POF

[2021-11-06 16:14:54 #2 type] 
Type domain.Registered is not enhanced.

[2021-11-06 16:14:54 #3 type] 
Type domain.Admin is not enhanced.

[2021-11-06 16:14:54 #4 type] 
Type domain.Client is not enhanced.

[2021-11-06 16:14:54 #5 type] 
Type domain.Bet is not enhanced.

[2021-11-06 16:14:55 #6 type] 
Type domain.RaceHorse is not enhanced.

[2021-11-06 16:14:55 #7 type] 
Type domain.Horse is not enhanced.

[2021-11-06 16:14:55 #8 type] 
Type domain.Race is not enhanced.

[2021-11-06 16:14:55 #9 type] 
Type domain.StartTime is not enhanced.

------------------------------------------------------------------------------------------------------------------------

[2021-11-06 16:15:25 #1 store] 
Database 'C:\UNI\SI2\HorseRaces\null' is opened by 6628@DESKTOP-D1B8POF

[2021-11-06 16:15:25 #2 type] 
Type domain.Registered is not enhanced.

[2021-11-06 16:15:25 #3 type] 
Type domain.Admin is not enhanced.

[2021-11-06 16:15:25 #4 type] 
Type domain.Client is not enhanced.

[2021-11-06 16:15:25 #5 type] 
Type domain.Bet is not enhanced.

[2021-11-06 16:15:25 #6 type] 
Type domain.RaceHorse is not enhanced.

[2021-11-06 16:15:25 #7 type] 
Type domain.Horse is not enhanced.

[2021-11-06 16:15:25 #8 type] 
Type domain.Race is not enhanced.

[2021-11-06 16:15:25 #9 type] 
Type domain.StartTime is not enhanced.

------------------------------------------------------------------------------------------------------------------------

[2021-11-06 16:15:33 #1 store] 
Database 'C:\UNI\SI2\HorseRaces\null' is opened by 17012@DESKTOP-D1B8POF

[2021-11-06 16:15:34 #2 type] 
Type domain.Registered is not enhanced.

[2021-11-06 16:15:34 #3 type] 
Type domain.Admin is not enhanced.

[2021-11-06 16:15:34 #4 type] 
Type domain.Client is not enhanced.

[2021-11-06 16:15:34 #5 type] 
Type domain.Bet is not enhanced.

[2021-11-06 16:15:34 #6 type] 
Type domain.RaceHorse is not enhanced.

[2021-11-06 16:15:34 #7 type] 
Type domain.Horse is not enhanced.

[2021-11-06 16:15:34 #8 type] 
Type domain.Race is not enhanced.

[2021-11-06 16:15:34 #9 type] 
Type domain.StartTime is not enhanced.

------------------------------------------------------------------------------------------------------------------------

[2021-11-06 16:16:22 #1 store] 
Database 'C:\UNI\SI2\HorseRaces\null' is opened by 7240@DESKTOP-D1B8POF

[2021-11-06 16:16:22 #2 type] 
Type domain.Registered is not enhanced.

[2021-11-06 16:16:22 #3 type] 
Type domain.Admin is not enhanced.

[2021-11-06 16:16:22 #4 type] 
Type domain.Client is not enhanced.

[2021-11-06 16:16:22 #5 type] 
Type domain.Bet is not enhanced.

[2021-11-06 16:16:22 #6 type] 
Type domain.RaceHorse is not enhanced.

[2021-11-06 16:16:22 #7 type] 
Type domain.Horse is not enhanced.

[2021-11-06 16:16:22 #8 type] 
Type domain.Race is not enhanced.

[2021-11-06 16:16:22 #9 type] 
Type domain.StartTime is not enhanced.

------------------------------------------------------------------------------------------------------------------------

[2021-11-06 16:20:00 #1 store] 
Database 'C:\UNI\SI2\HorseRaces\null' is opened by 13476@DESKTOP-D1B8POF

[2021-11-06 16:20:00 #2 type] 
Type domain.Registered is not enhanced.

[2021-11-06 16:20:00 #3 type] 
Type domain.Admin is not enhanced.

[2021-11-06 16:20:00 #4 type] 
Type domain.Client is not enhanced.

[2021-11-06 16:20:00 #5 type] 
Type domain.Bet is not enhanced.

[2021-11-06 16:20:00 #6 type] 
Type domain.RaceHorse is not enhanced.

[2021-11-06 16:20:00 #7 type] 
Type domain.Horse is not enhanced.

[2021-11-06 16:20:00 #8 type] 
Type domain.Race is not enhanced.

[2021-11-06 16:20:00 #9 type] 
Type domain.StartTime is not enhanced.

