------------------------------------------------------------------------------------------------------------------------

[2021-10-16 11:09:28 #1 store] 
Database 'C:\UNI\SI2\HorseRaces\null' has been recovered (tr. 1-8)

[2021-10-16 11:09:28 #2 store] 
Database 'C:\UNI\SI2\HorseRaces\null' is opened by 3324@DESKTOP-D1B8POF

[2021-10-16 11:09:28 #3 type] 
Type domain.Registered is not enhanced.

[2021-10-16 11:09:28 #4 type] 
Type domain.Admin is not enhanced.

[2021-10-16 11:09:28 #5 type] 
Type domain.Client is not enhanced.

[2021-10-16 11:09:28 #6 type] 
Type domain.Bet is not enhanced.

[2021-10-16 11:09:28 #7 type] 
Type domain.RaceHorse is not enhanced.

[2021-10-16 11:09:28 #8 type] 
Type domain.Horse is not enhanced.

[2021-10-16 11:09:28 #9 type] 
Type domain.Race is not enhanced.

[2021-10-16 11:09:28 #10 type] 
Type domain.StartTime is not enhanced.

------------------------------------------------------------------------------------------------------------------------

[2021-10-16 12:23:32 #1 store] 
Database 'C:\UNI\SI2\HorseRaces\null' is opened by 14208@DESKTOP-D1B8POF

[2021-10-16 12:23:32 #2 type] 
Type domain.Registered is not enhanced.

[2021-10-16 12:23:32 #3 type] 
Type domain.Admin is not enhanced.

[2021-10-16 12:23:32 #4 type] 
Type domain.Client is not enhanced.

[2021-10-16 12:23:32 #5 type] 
Type domain.Bet is not enhanced.

[2021-10-16 12:23:32 #6 type] 
Type domain.RaceHorse is not enhanced.

[2021-10-16 12:23:32 #7 type] 
Type domain.Horse is not enhanced.

[2021-10-16 12:23:32 #8 type] 
Type domain.Race is not enhanced.

[2021-10-16 12:23:32 #9 type] 
Type domain.StartTime is not enhanced.

------------------------------------------------------------------------------------------------------------------------

[2021-10-16 12:26:29 #1 store] 
Database 'C:\UNI\SI2\HorseRaces\null' is opened by 12404@DESKTOP-D1B8POF

[2021-10-16 12:26:29 #2 type] 
Type domain.Registered is not enhanced.

[2021-10-16 12:26:29 #3 type] 
Type domain.Admin is not enhanced.

[2021-10-16 12:26:29 #4 type] 
Type domain.Client is not enhanced.

[2021-10-16 12:26:29 #5 type] 
Type domain.Bet is not enhanced.

[2021-10-16 12:26:29 #6 type] 
Type domain.RaceHorse is not enhanced.

[2021-10-16 12:26:29 #7 type] 
Type domain.Horse is not enhanced.

[2021-10-16 12:26:29 #8 type] 
Type domain.Race is not enhanced.

[2021-10-16 12:26:29 #9 type] 
Type domain.StartTime is not enhanced.

------------------------------------------------------------------------------------------------------------------------

[2021-10-16 12:27:17 #1 store] 
Database 'C:\UNI\SI2\HorseRaces\null' is opened by 11704@DESKTOP-D1B8POF

[2021-10-16 12:27:17 #2 type] 
Type domain.Registered is not enhanced.

[2021-10-16 12:27:17 #3 type] 
Type domain.Admin is not enhanced.

[2021-10-16 12:27:17 #4 type] 
Type domain.Client is not enhanced.

[2021-10-16 12:27:17 #5 type] 
Type domain.Bet is not enhanced.

[2021-10-16 12:27:17 #6 type] 
Type domain.RaceHorse is not enhanced.

[2021-10-16 12:27:17 #7 type] 
Type domain.Horse is not enhanced.

[2021-10-16 12:27:17 #8 type] 
Type domain.Race is not enhanced.

[2021-10-16 12:27:17 #9 type] 
Type domain.StartTime is not enhanced.

