------------------------------------------------------------------------------------------------------------------------

[2021-10-19 07:05:09 #1 store] 
Database 'C:\UNI\SI2\HorseRaces\null' has been recovered (tr. 816-850)

[2021-10-19 07:05:09 #2 store] 
Database 'C:\UNI\SI2\HorseRaces\null' is opened by 7312@DESKTOP-HIV4AM9

[2021-10-19 07:05:09 #3 type] 
Type domain.Registered is not enhanced.

[2021-10-19 07:05:09 #4 type] 
Type domain.Admin is not enhanced.

[2021-10-19 07:05:09 #5 type] 
Type domain.Client is not enhanced.

[2021-10-19 07:05:09 #6 type] 
Type domain.Bet is not enhanced.

[2021-10-19 07:05:09 #7 type] 
Type domain.RaceHorse is not enhanced.

[2021-10-19 07:05:09 #8 type] 
Type domain.Horse is not enhanced.

[2021-10-19 07:05:09 #9 type] 
Type domain.Race is not enhanced.

[2021-10-19 07:05:09 #10 type] 
Type domain.StartTime is not enhanced.

------------------------------------------------------------------------------------------------------------------------

[2021-10-19 07:05:28 #1 store] 
Database 'C:\UNI\SI2\HorseRaces\null' has been recovered (tr. 851-885)

[2021-10-19 07:05:28 #2 store] 
Database 'C:\UNI\SI2\HorseRaces\null' is opened by 3328@DESKTOP-HIV4AM9

[2021-10-19 07:05:28 #3 type] 
Type domain.Registered is not enhanced.

[2021-10-19 07:05:28 #4 type] 
Type domain.Admin is not enhanced.

[2021-10-19 07:05:28 #5 type] 
Type domain.Client is not enhanced.

[2021-10-19 07:05:28 #6 type] 
Type domain.Bet is not enhanced.

[2021-10-19 07:05:28 #7 type] 
Type domain.RaceHorse is not enhanced.

[2021-10-19 07:05:28 #8 type] 
Type domain.Horse is not enhanced.

[2021-10-19 07:05:28 #9 type] 
Type domain.Race is not enhanced.

[2021-10-19 07:05:28 #10 type] 
Type domain.StartTime is not enhanced.

------------------------------------------------------------------------------------------------------------------------

[2021-10-19 10:00:41 #1 store] 
Database 'C:\UNI\SI2\HorseRaces\null' is opened by 3432@DESKTOP-HIV4AM9

[2021-10-19 10:00:42 #2 type] 
Type domain.Registered is not enhanced.

[2021-10-19 10:00:42 #3 type] 
Type domain.Admin is not enhanced.

[2021-10-19 10:00:42 #4 type] 
Type domain.Client is not enhanced.

[2021-10-19 10:00:42 #5 type] 
Type domain.Bet is not enhanced.

[2021-10-19 10:00:42 #6 type] 
Type domain.RaceHorse is not enhanced.

[2021-10-19 10:00:42 #7 type] 
Type domain.Horse is not enhanced.

[2021-10-19 10:00:42 #8 type] 
Type domain.Race is not enhanced.

[2021-10-19 10:00:42 #9 type] 
Type domain.StartTime is not enhanced.

------------------------------------------------------------------------------------------------------------------------

[2021-10-19 10:01:29 #1 store] 
Database 'C:\UNI\SI2\HorseRaces\null' has been recovered (tr. 886-905)

[2021-10-19 10:01:29 #2 store] 
Database 'C:\UNI\SI2\HorseRaces\null' is opened by 10908@DESKTOP-HIV4AM9

[2021-10-19 10:01:30 #3 type] 
Type domain.Registered is not enhanced.

[2021-10-19 10:01:30 #4 type] 
Type domain.Admin is not enhanced.

[2021-10-19 10:01:30 #5 type] 
Type domain.Client is not enhanced.

[2021-10-19 10:01:30 #6 type] 
Type domain.Bet is not enhanced.

[2021-10-19 10:01:30 #7 type] 
Type domain.RaceHorse is not enhanced.

[2021-10-19 10:01:30 #8 type] 
Type domain.Horse is not enhanced.

[2021-10-19 10:01:30 #9 type] 
Type domain.Race is not enhanced.

[2021-10-19 10:01:30 #10 type] 
Type domain.StartTime is not enhanced.

------------------------------------------------------------------------------------------------------------------------

[2021-10-19 10:02:11 #1 store] 
Database 'C:\UNI\SI2\HorseRaces\null' has been recovered (tr. 906-925)

[2021-10-19 10:02:11 #2 store] 
Database 'C:\UNI\SI2\HorseRaces\null' is opened by 3452@DESKTOP-HIV4AM9

[2021-10-19 10:02:11 #3 type] 
Type domain.Registered is not enhanced.

[2021-10-19 10:02:11 #4 type] 
Type domain.Admin is not enhanced.

[2021-10-19 10:02:11 #5 type] 
Type domain.Client is not enhanced.

[2021-10-19 10:02:11 #6 type] 
Type domain.Bet is not enhanced.

[2021-10-19 10:02:11 #7 type] 
Type domain.RaceHorse is not enhanced.

[2021-10-19 10:02:11 #8 type] 
Type domain.Horse is not enhanced.

[2021-10-19 10:02:11 #9 type] 
Type domain.Race is not enhanced.

[2021-10-19 10:02:11 #10 type] 
Type domain.StartTime is not enhanced.

------------------------------------------------------------------------------------------------------------------------

[2021-10-19 10:03:44 #1 store] 
Database 'C:\UNI\SI2\HorseRaces\null' has been recovered (tr. 926-945)

[2021-10-19 10:03:44 #2 store] 
Database 'C:\UNI\SI2\HorseRaces\null' is opened by 12256@DESKTOP-HIV4AM9

[2021-10-19 10:03:45 #3 type] 
Type domain.Registered is not enhanced.

[2021-10-19 10:03:45 #4 type] 
Type domain.Admin is not enhanced.

[2021-10-19 10:03:45 #5 type] 
Type domain.Client is not enhanced.

[2021-10-19 10:03:45 #6 type] 
Type domain.Bet is not enhanced.

[2021-10-19 10:03:45 #7 type] 
Type domain.RaceHorse is not enhanced.

[2021-10-19 10:03:45 #8 type] 
Type domain.Horse is not enhanced.

[2021-10-19 10:03:45 #9 type] 
Type domain.Race is not enhanced.

[2021-10-19 10:03:45 #10 type] 
Type domain.StartTime is not enhanced.

------------------------------------------------------------------------------------------------------------------------

[2021-10-19 10:05:22 #1 store] 
Database 'C:\UNI\SI2\HorseRaces\null' has been recovered (tr. 946-965)

[2021-10-19 10:05:22 #2 store] 
Database 'C:\UNI\SI2\HorseRaces\null' is opened by 8816@DESKTOP-HIV4AM9

[2021-10-19 10:05:23 #3 type] 
Type domain.Registered is not enhanced.

[2021-10-19 10:05:23 #4 type] 
Type domain.Admin is not enhanced.

[2021-10-19 10:05:23 #5 type] 
Type domain.Client is not enhanced.

[2021-10-19 10:05:23 #6 type] 
Type domain.Bet is not enhanced.

[2021-10-19 10:05:23 #7 type] 
Type domain.RaceHorse is not enhanced.

[2021-10-19 10:05:23 #8 type] 
Type domain.Horse is not enhanced.

[2021-10-19 10:05:23 #9 type] 
Type domain.Race is not enhanced.

[2021-10-19 10:05:23 #10 type] 
Type domain.StartTime is not enhanced.

------------------------------------------------------------------------------------------------------------------------

[2021-10-19 10:06:00 #1 store] 
Database 'C:\UNI\SI2\HorseRaces\null' has been recovered (tr. 966-985)

[2021-10-19 10:06:00 #2 store] 
Database 'C:\UNI\SI2\HorseRaces\null' is opened by 7708@DESKTOP-HIV4AM9

[2021-10-19 10:06:01 #3 type] 
Type domain.Registered is not enhanced.

[2021-10-19 10:06:01 #4 type] 
Type domain.Admin is not enhanced.

[2021-10-19 10:06:01 #5 type] 
Type domain.Client is not enhanced.

[2021-10-19 10:06:01 #6 type] 
Type domain.Bet is not enhanced.

[2021-10-19 10:06:01 #7 type] 
Type domain.RaceHorse is not enhanced.

[2021-10-19 10:06:01 #8 type] 
Type domain.Horse is not enhanced.

[2021-10-19 10:06:01 #9 type] 
Type domain.Race is not enhanced.

[2021-10-19 10:06:01 #10 type] 
Type domain.StartTime is not enhanced.

------------------------------------------------------------------------------------------------------------------------

[2021-10-19 10:07:00 #1 store] 
Database 'C:\UNI\SI2\HorseRaces\null' has been recovered (tr. 986-998)

[2021-10-19 10:07:01 #2 store] 
Database 'C:\UNI\SI2\HorseRaces\null' is opened by 11592@DESKTOP-HIV4AM9

[2021-10-19 10:07:01 #3 type] 
Type domain.Registered is not enhanced.

[2021-10-19 10:07:01 #4 type] 
Type domain.Admin is not enhanced.

[2021-10-19 10:07:01 #5 type] 
Type domain.Client is not enhanced.

[2021-10-19 10:07:01 #6 type] 
Type domain.Bet is not enhanced.

[2021-10-19 10:07:01 #7 type] 
Type domain.RaceHorse is not enhanced.

[2021-10-19 10:07:01 #8 type] 
Type domain.Horse is not enhanced.

[2021-10-19 10:07:01 #9 type] 
Type domain.Race is not enhanced.

[2021-10-19 10:07:01 #10 type] 
Type domain.StartTime is not enhanced.

