------------------------------------------------------------------------------------------------------------------------

[2021-10-05 17:25:23 #1 store] 
Database 'C:\Users\Julen\OneDrive\WorkSpace\HorseRaces\src\main\resources\horseRaces.temp' is opened by 7104@DESKTOP-HIV4AM9

[2021-10-05 17:25:23 #2 type.registry] 
New type domain.Race

[2021-10-05 17:25:23 #3 type] 
Type domain.Race is not enhanced.

[2021-10-05 17:25:23 #4 type.registry] 
New type domain.RaceHorse

[2021-10-05 17:25:23 #5 type.registry] 
New type domain.StartTime

[2021-10-05 17:25:23 #6 type] 
Type domain.RaceHorse is not enhanced.

[2021-10-05 17:25:23 #7 type.registry] 
New type domain.Bet

[2021-10-05 17:25:23 #8 type.registry] 
New type domain.Horse

[2021-10-05 17:25:23 #9 type] 
Type domain.StartTime is not enhanced.

[2021-10-05 17:25:23 #10 type] 
Type domain.Bet is not enhanced.

[2021-10-05 17:25:23 #11 type.registry] 
New type domain.Registered

[2021-10-05 17:25:23 #12 type.registry] 
New type domain.Client

[2021-10-05 17:25:23 #13 type] 
Type domain.Horse is not enhanced.

[2021-10-05 17:25:23 #14 type] 
Type domain.Registered is not enhanced.

[2021-10-05 17:25:23 #15 type] 
Type domain.Client is not enhanced.

[2021-10-05 17:25:23 #16 type.registry] 
New type java.util.ArrayList<java.lang.Object>

[2021-10-05 17:25:23 #17 type.registry] 
New type java.util.ArrayList<domain.RaceHorse>

[2021-10-05 17:25:23 #18 type.registry] 
New type java.util.ArrayList<domain.Bet>

------------------------------------------------------------------------------------------------------------------------

[2021-10-05 17:26:23 #1 store] 
Database 'C:\Users\Julen\OneDrive\WorkSpace\HorseRaces\src\main\resources\horseRaces.temp' is opened by 1396@DESKTOP-HIV4AM9

[2021-10-05 17:26:24 #2 type.registry] 
New type domain.Race

[2021-10-05 17:26:24 #3 type] 
Type domain.Race is not enhanced.

[2021-10-05 17:26:24 #4 type.registry] 
New type domain.RaceHorse

[2021-10-05 17:26:24 #5 type.registry] 
New type domain.StartTime

[2021-10-05 17:26:24 #6 type] 
Type domain.RaceHorse is not enhanced.

[2021-10-05 17:26:24 #7 type.registry] 
New type domain.Bet

[2021-10-05 17:26:24 #8 type.registry] 
New type domain.Horse

[2021-10-05 17:26:24 #9 type] 
Type domain.StartTime is not enhanced.

[2021-10-05 17:26:24 #10 type] 
Type domain.Bet is not enhanced.

[2021-10-05 17:26:24 #11 type.registry] 
New type domain.Registered

[2021-10-05 17:26:24 #12 type.registry] 
New type domain.Client

[2021-10-05 17:26:24 #13 type] 
Type domain.Horse is not enhanced.

[2021-10-05 17:26:24 #14 type] 
Type domain.Registered is not enhanced.

[2021-10-05 17:26:24 #15 type] 
Type domain.Client is not enhanced.

[2021-10-05 17:26:24 #16 type.registry] 
New type java.util.ArrayList<java.lang.Object>

[2021-10-05 17:26:24 #17 type.registry] 
New type java.util.ArrayList<domain.RaceHorse>

[2021-10-05 17:26:24 #18 type.registry] 
New type java.util.ArrayList<domain.Bet>

