------------------------------------------------------------------------------------------------------------------------

[2021-10-31 07:08:53 #1 store] 
Database 'C:\UNI\SI2\HorseRaces\null' has been recovered (tr. 1306-1306)

[2021-10-31 07:08:53 #2 store] 
Database 'C:\UNI\SI2\HorseRaces\null' is opened by 15032@DESKTOP-D1B8POF

[2021-10-31 07:08:53 #3 type] 
Type domain.Registered is not enhanced.

[2021-10-31 07:08:53 #4 type] 
Type domain.Admin is not enhanced.

[2021-10-31 07:08:53 #5 type] 
Type domain.Client is not enhanced.

[2021-10-31 07:08:53 #6 type] 
Type domain.Bet is not enhanced.

[2021-10-31 07:08:53 #7 type] 
Type domain.RaceHorse is not enhanced.

[2021-10-31 07:08:53 #8 type] 
Type domain.Horse is not enhanced.

[2021-10-31 07:08:53 #9 type] 
Type domain.Race is not enhanced.

[2021-10-31 07:08:53 #10 type] 
Type domain.StartTime is not enhanced.

------------------------------------------------------------------------------------------------------------------------

[2021-10-31 07:18:22 #1 store] 
Database 'C:\UNI\SI2\HorseRaces\null' has been recovered (tr. 1307-1354)

[2021-10-31 07:18:22 #2 store] 
Database 'C:\UNI\SI2\HorseRaces\null' is opened by 16644@DESKTOP-D1B8POF

[2021-10-31 07:18:23 #3 type] 
Type domain.Registered is not enhanced.

[2021-10-31 07:18:23 #4 type] 
Type domain.Admin is not enhanced.

[2021-10-31 07:18:23 #5 type] 
Type domain.Client is not enhanced.

[2021-10-31 07:18:23 #6 type] 
Type domain.Bet is not enhanced.

[2021-10-31 07:18:23 #7 type] 
Type domain.RaceHorse is not enhanced.

[2021-10-31 07:18:23 #8 type] 
Type domain.Horse is not enhanced.

[2021-10-31 07:18:23 #9 type] 
Type domain.Race is not enhanced.

[2021-10-31 07:18:23 #10 type] 
Type domain.StartTime is not enhanced.

------------------------------------------------------------------------------------------------------------------------

[2021-10-31 07:18:29 #1 store] 
Database 'C:\UNI\SI2\HorseRaces\null' has been recovered (tr. 1355-1402)

[2021-10-31 07:18:29 #2 store] 
Database 'C:\UNI\SI2\HorseRaces\null' is opened by 12976@DESKTOP-D1B8POF

[2021-10-31 07:18:29 #3 type] 
Type domain.Registered is not enhanced.

[2021-10-31 07:18:29 #4 type] 
Type domain.Admin is not enhanced.

[2021-10-31 07:18:29 #5 type] 
Type domain.Client is not enhanced.

[2021-10-31 07:18:29 #6 type] 
Type domain.Bet is not enhanced.

[2021-10-31 07:18:29 #7 type] 
Type domain.RaceHorse is not enhanced.

[2021-10-31 07:18:29 #8 type] 
Type domain.Horse is not enhanced.

[2021-10-31 07:18:29 #9 type] 
Type domain.Race is not enhanced.

[2021-10-31 07:18:29 #10 type] 
Type domain.StartTime is not enhanced.

------------------------------------------------------------------------------------------------------------------------

[2021-10-31 07:23:35 #1 store] 
Database 'C:\UNI\SI2\HorseRaces\null' is opened by 1316@DESKTOP-D1B8POF

[2021-10-31 07:23:35 #2 type] 
Type domain.Registered is not enhanced.

[2021-10-31 07:23:35 #3 type] 
Type domain.Admin is not enhanced.

[2021-10-31 07:23:35 #4 type] 
Type domain.Client is not enhanced.

[2021-10-31 07:23:35 #5 type] 
Type domain.Bet is not enhanced.

[2021-10-31 07:23:35 #6 type] 
Type domain.RaceHorse is not enhanced.

[2021-10-31 07:23:35 #7 type] 
Type domain.Horse is not enhanced.

[2021-10-31 07:23:35 #8 type] 
Type domain.Race is not enhanced.

[2021-10-31 07:23:35 #9 type] 
Type domain.StartTime is not enhanced.

------------------------------------------------------------------------------------------------------------------------

[2021-10-31 07:23:43 #1 store] 
Database 'C:\UNI\SI2\HorseRaces\null' has been recovered (tr. 1403-1450)

[2021-10-31 07:23:43 #2 store] 
Database 'C:\UNI\SI2\HorseRaces\null' is opened by 8736@DESKTOP-D1B8POF

[2021-10-31 07:23:43 #3 type] 
Type domain.Registered is not enhanced.

[2021-10-31 07:23:43 #4 type] 
Type domain.Admin is not enhanced.

[2021-10-31 07:23:43 #5 type] 
Type domain.Client is not enhanced.

[2021-10-31 07:23:43 #6 type] 
Type domain.Bet is not enhanced.

[2021-10-31 07:23:43 #7 type] 
Type domain.RaceHorse is not enhanced.

[2021-10-31 07:23:43 #8 type] 
Type domain.Horse is not enhanced.

[2021-10-31 07:23:43 #9 type] 
Type domain.Race is not enhanced.

[2021-10-31 07:23:43 #10 type] 
Type domain.StartTime is not enhanced.

------------------------------------------------------------------------------------------------------------------------

[2021-10-31 07:24:34 #1 store] 
Database 'C:\UNI\SI2\HorseRaces\null' is opened by 16268@DESKTOP-D1B8POF

[2021-10-31 07:24:34 #2 type] 
Type domain.Registered is not enhanced.

[2021-10-31 07:24:34 #3 type] 
Type domain.Admin is not enhanced.

[2021-10-31 07:24:34 #4 type] 
Type domain.Client is not enhanced.

[2021-10-31 07:24:34 #5 type] 
Type domain.Bet is not enhanced.

[2021-10-31 07:24:34 #6 type] 
Type domain.RaceHorse is not enhanced.

[2021-10-31 07:24:34 #7 type] 
Type domain.Horse is not enhanced.

[2021-10-31 07:24:34 #8 type] 
Type domain.Race is not enhanced.

[2021-10-31 07:24:34 #9 type] 
Type domain.StartTime is not enhanced.

------------------------------------------------------------------------------------------------------------------------

[2021-10-31 07:24:47 #1 store] 
Database 'C:\UNI\SI2\HorseRaces\null' has been recovered (tr. 1451-1498)

[2021-10-31 07:24:47 #2 store] 
Database 'C:\UNI\SI2\HorseRaces\null' is opened by 11372@DESKTOP-D1B8POF

[2021-10-31 07:24:47 #3 type] 
Type domain.Registered is not enhanced.

[2021-10-31 07:24:47 #4 type] 
Type domain.Admin is not enhanced.

[2021-10-31 07:24:47 #5 type] 
Type domain.Client is not enhanced.

[2021-10-31 07:24:47 #6 type] 
Type domain.Bet is not enhanced.

[2021-10-31 07:24:47 #7 type] 
Type domain.RaceHorse is not enhanced.

[2021-10-31 07:24:47 #8 type] 
Type domain.Horse is not enhanced.

[2021-10-31 07:24:47 #9 type] 
Type domain.Race is not enhanced.

[2021-10-31 07:24:47 #10 type] 
Type domain.StartTime is not enhanced.

