------------------------------------------------------------------------------------------------------------------------

[2021-10-08 07:32:11 #1 store] 
Database 'C:\Users\Julen\OneDrive\WorkSpace\HorseRaces\src\main\resources\horseRaces.temp' is opened by 6896@DESKTOP-HIV4AM9

[2021-10-08 07:32:11 #2 type.registry] 
New type domain.Registered

[2021-10-08 07:32:11 #3 type.registry] 
New type domain.Admin

[2021-10-08 07:32:11 #4 type] 
Type domain.Registered is not enhanced.

[2021-10-08 07:32:11 #5 type] 
Type domain.Admin is not enhanced.

[2021-10-08 07:32:11 #6 type.registry] 
New type domain.Client

[2021-10-08 07:32:11 #7 type] 
Type domain.Client is not enhanced.

[2021-10-08 07:32:11 #8 type.registry] 
New type domain.Bet

[2021-10-08 07:32:11 #9 type] 
Type domain.Bet is not enhanced.

[2021-10-08 07:32:11 #10 type.registry] 
New type domain.RaceHorse

[2021-10-08 07:32:11 #11 type] 
Type domain.RaceHorse is not enhanced.

[2021-10-08 07:32:11 #12 type.registry] 
New type domain.Horse

[2021-10-08 07:32:11 #13 type.registry] 
New type domain.Race

[2021-10-08 07:32:11 #14 type] 
Type domain.Horse is not enhanced.

[2021-10-08 07:32:11 #15 type] 
Type domain.Race is not enhanced.

[2021-10-08 07:32:11 #16 type.registry] 
New type domain.StartTime

[2021-10-08 07:32:11 #17 type] 
Type domain.StartTime is not enhanced.

[2021-10-08 07:32:11 #18 type.registry] 
New type java.util.ArrayList<java.lang.Object>

[2021-10-08 07:32:11 #19 type.registry] 
New type java.util.ArrayList<domain.RaceHorse>

[2021-10-08 07:32:11 #20 type.registry] 
New type java.util.ArrayList<domain.Bet>

------------------------------------------------------------------------------------------------------------------------

[2021-10-08 07:33:38 #1 store] 
Database 'C:\Users\Julen\OneDrive\WorkSpace\HorseRaces\src\main\resources\horseRaces.temp' has been recovered (tr. 1-8)

[2021-10-08 07:33:38 #2 store] 
Database 'C:\Users\Julen\OneDrive\WorkSpace\HorseRaces\src\main\resources\horseRaces.temp' is opened by 11208@DESKTOP-HIV4AM9

[2021-10-08 07:33:38 #3 type] 
Type domain.Registered is not enhanced.

[2021-10-08 07:33:38 #4 type] 
Type domain.Admin is not enhanced.

[2021-10-08 07:33:38 #5 type] 
Type domain.Client is not enhanced.

[2021-10-08 07:33:38 #6 type] 
Type domain.Bet is not enhanced.

[2021-10-08 07:33:38 #7 type] 
Type domain.RaceHorse is not enhanced.

[2021-10-08 07:33:38 #8 type] 
Type domain.Horse is not enhanced.

[2021-10-08 07:33:38 #9 type] 
Type domain.Race is not enhanced.

[2021-10-08 07:33:38 #10 type] 
Type domain.StartTime is not enhanced.

------------------------------------------------------------------------------------------------------------------------

[2021-10-08 09:07:46 #1 store] 
Database 'C:\Users\Julen\OneDrive\WorkSpace\HorseRaces\src\main\resources\horseRaces.temp' is opened by 14288@DESKTOP-HIV4AM9

[2021-10-08 09:07:46 #2 type] 
Type domain.Registered is not enhanced.

[2021-10-08 09:07:46 #3 type] 
Type domain.Admin is not enhanced.

[2021-10-08 09:07:46 #4 type] 
Type domain.Client is not enhanced.

[2021-10-08 09:07:46 #5 type] 
Type domain.Bet is not enhanced.

[2021-10-08 09:07:46 #6 type] 
Type domain.RaceHorse is not enhanced.

[2021-10-08 09:07:46 #7 type] 
Type domain.Horse is not enhanced.

[2021-10-08 09:07:46 #8 type] 
Type domain.Race is not enhanced.

[2021-10-08 09:07:46 #9 type] 
Type domain.StartTime is not enhanced.

------------------------------------------------------------------------------------------------------------------------

[2021-10-08 09:09:26 #1 store] 
Database 'C:\Users\Julen\OneDrive\WorkSpace\HorseRaces\src\main\resources\horseRaces.temp' is opened by 14328@DESKTOP-HIV4AM9

[2021-10-08 09:09:26 #2 type.registry] 
New type domain.Registered

[2021-10-08 09:09:26 #3 type.registry] 
New type domain.Admin

[2021-10-08 09:09:26 #4 type] 
Type domain.Registered is not enhanced.

[2021-10-08 09:09:26 #5 type] 
Type domain.Admin is not enhanced.

[2021-10-08 09:09:26 #6 type.registry] 
New type domain.Client

[2021-10-08 09:09:26 #7 type] 
Type domain.Client is not enhanced.

[2021-10-08 09:09:26 #8 type.registry] 
New type domain.Bet

[2021-10-08 09:09:26 #9 type] 
Type domain.Bet is not enhanced.

[2021-10-08 09:09:27 #10 type.registry] 
New type domain.RaceHorse

[2021-10-08 09:09:27 #11 type] 
Type domain.RaceHorse is not enhanced.

[2021-10-08 09:09:27 #12 type.registry] 
New type domain.Horse

[2021-10-08 09:09:27 #13 type.registry] 
New type domain.Race

[2021-10-08 09:09:27 #14 type] 
Type domain.Horse is not enhanced.

[2021-10-08 09:09:27 #15 type] 
Type domain.Race is not enhanced.

[2021-10-08 09:09:27 #16 type.registry] 
New type domain.StartTime

[2021-10-08 09:09:27 #17 type] 
Type domain.StartTime is not enhanced.

[2021-10-08 09:09:27 #18 type.registry] 
New type java.util.ArrayList<java.lang.Object>

[2021-10-08 09:09:27 #19 type.registry] 
New type java.util.ArrayList<domain.RaceHorse>

[2021-10-08 09:09:27 #20 type.registry] 
New type java.util.ArrayList<domain.Bet>

------------------------------------------------------------------------------------------------------------------------

[2021-10-08 09:09:45 #1 store] 
Database 'C:\Users\Julen\OneDrive\WorkSpace\HorseRaces\src\main\resources\horseRaces.temp' has been recovered (tr. 1-8)

[2021-10-08 09:09:45 #2 store] 
Database 'C:\Users\Julen\OneDrive\WorkSpace\HorseRaces\src\main\resources\horseRaces.temp' is opened by 11172@DESKTOP-HIV4AM9

[2021-10-08 09:09:45 #3 type] 
Type domain.Registered is not enhanced.

[2021-10-08 09:09:45 #4 type] 
Type domain.Admin is not enhanced.

[2021-10-08 09:09:45 #5 type] 
Type domain.Client is not enhanced.

[2021-10-08 09:09:45 #6 type] 
Type domain.Bet is not enhanced.

[2021-10-08 09:09:45 #7 type] 
Type domain.RaceHorse is not enhanced.

[2021-10-08 09:09:45 #8 type] 
Type domain.Horse is not enhanced.

[2021-10-08 09:09:45 #9 type] 
Type domain.Race is not enhanced.

[2021-10-08 09:09:45 #10 type] 
Type domain.StartTime is not enhanced.

------------------------------------------------------------------------------------------------------------------------

[2021-10-08 09:21:52 #1 store] 
Database 'C:\Users\Julen\OneDrive\WorkSpace\HorseRaces\src\main\resources\horseRaces.temp' is opened by 8516@DESKTOP-HIV4AM9

[2021-10-08 09:21:52 #2 type] 
Type domain.Registered is not enhanced.

[2021-10-08 09:21:52 #3 type] 
Type domain.Admin is not enhanced.

[2021-10-08 09:21:52 #4 type] 
Type domain.Client is not enhanced.

[2021-10-08 09:21:52 #5 type] 
Type domain.Bet is not enhanced.

[2021-10-08 09:21:52 #6 type] 
Type domain.RaceHorse is not enhanced.

[2021-10-08 09:21:52 #7 type] 
Type domain.Horse is not enhanced.

[2021-10-08 09:21:52 #8 type] 
Type domain.Race is not enhanced.

[2021-10-08 09:21:52 #9 type] 
Type domain.StartTime is not enhanced.

