------------------------------------------------------------------------------------------------------------------------

[2021-10-03 17:18:02 #1 store] 
Database 'C:\Users\Julen\OneDrive\WorkSpace\HorseRaces\src\main\resources\horseRaces.temp' is opened by 3128@DESKTOP-HIV4AM9

[2021-10-03 17:18:02 #2 type.registry] 
New type domain.Race

[2021-10-03 17:18:02 #3 type] 
Type domain.Race is not enhanced.

[2021-10-03 17:18:02 #4 type.registry] 
New type domain.RaceHorse

[2021-10-03 17:18:02 #5 type.registry] 
New type domain.StartTime

[2021-10-03 17:18:02 #6 type] 
Type domain.RaceHorse is not enhanced.

[2021-10-03 17:18:02 #7 type.registry] 
New type domain.Bet

[2021-10-03 17:18:02 #8 type.registry] 
New type domain.Horse

[2021-10-03 17:18:02 #9 type] 
Type domain.StartTime is not enhanced.

[2021-10-03 17:18:02 #10 type] 
Type domain.Bet is not enhanced.

[2021-10-03 17:18:02 #11 type.registry] 
New type domain.Registered

[2021-10-03 17:18:02 #12 type.registry] 
New type domain.Client

[2021-10-03 17:18:02 #13 type] 
Type domain.Horse is not enhanced.

[2021-10-03 17:18:02 #14 type] 
Type domain.Registered is not enhanced.

[2021-10-03 17:18:02 #15 type] 
Type domain.Client is not enhanced.

[2021-10-03 17:18:02 #16 type.registry] 
New type java.util.ArrayList<java.lang.Object>

[2021-10-03 17:18:02 #17 type.registry] 
New type java.util.ArrayList<domain.RaceHorse>

[2021-10-03 17:18:02 #18 type.registry] 
New type java.util.ArrayList<domain.Bet>

------------------------------------------------------------------------------------------------------------------------

[2021-10-03 17:19:16 #1 store] 
Database 'C:\Users\Julen\OneDrive\WorkSpace\HorseRaces\src\main\resources\horseRaces.temp' is opened by 9340@DESKTOP-HIV4AM9

[2021-10-03 17:19:16 #2 type.registry] 
New type domain.Race

[2021-10-03 17:19:16 #3 type] 
Type domain.Race is not enhanced.

[2021-10-03 17:19:16 #4 type.registry] 
New type domain.RaceHorse

[2021-10-03 17:19:16 #5 type.registry] 
New type domain.StartTime

[2021-10-03 17:19:16 #6 type] 
Type domain.RaceHorse is not enhanced.

[2021-10-03 17:19:16 #7 type.registry] 
New type domain.Bet

[2021-10-03 17:19:16 #8 type.registry] 
New type domain.Horse

[2021-10-03 17:19:16 #9 type] 
Type domain.StartTime is not enhanced.

[2021-10-03 17:19:16 #10 type] 
Type domain.Bet is not enhanced.

[2021-10-03 17:19:16 #11 type.registry] 
New type domain.Registered

[2021-10-03 17:19:16 #12 type.registry] 
New type domain.Client

[2021-10-03 17:19:16 #13 type] 
Type domain.Horse is not enhanced.

[2021-10-03 17:19:16 #14 type] 
Type domain.Registered is not enhanced.

[2021-10-03 17:19:16 #15 type] 
Type domain.Client is not enhanced.

[2021-10-03 17:19:16 #16 type.registry] 
New type java.util.ArrayList<java.lang.Object>

[2021-10-03 17:19:16 #17 type.registry] 
New type java.util.ArrayList<domain.RaceHorse>

[2021-10-03 17:19:16 #18 type.registry] 
New type java.util.ArrayList<domain.Bet>

------------------------------------------------------------------------------------------------------------------------

[2021-10-03 17:19:47 #1 store] 
Database 'C:\Users\Julen\OneDrive\WorkSpace\HorseRaces\src\main\resources\horseRaces.temp' is opened by 4148@DESKTOP-HIV4AM9

[2021-10-03 17:19:47 #2 type.registry] 
New type domain.Race

[2021-10-03 17:19:47 #3 type] 
Type domain.Race is not enhanced.

[2021-10-03 17:19:47 #4 type.registry] 
New type domain.RaceHorse

[2021-10-03 17:19:47 #5 type.registry] 
New type domain.StartTime

[2021-10-03 17:19:47 #6 type] 
Type domain.RaceHorse is not enhanced.

[2021-10-03 17:19:47 #7 type.registry] 
New type domain.Bet

[2021-10-03 17:19:47 #8 type.registry] 
New type domain.Horse

[2021-10-03 17:19:47 #9 type] 
Type domain.StartTime is not enhanced.

[2021-10-03 17:19:47 #10 type] 
Type domain.Bet is not enhanced.

[2021-10-03 17:19:47 #11 type.registry] 
New type domain.Registered

[2021-10-03 17:19:47 #12 type.registry] 
New type domain.Client

[2021-10-03 17:19:47 #13 type] 
Type domain.Horse is not enhanced.

[2021-10-03 17:19:47 #14 type] 
Type domain.Registered is not enhanced.

[2021-10-03 17:19:47 #15 type] 
Type domain.Client is not enhanced.

[2021-10-03 17:19:47 #16 type.registry] 
New type java.util.ArrayList<java.lang.Object>

[2021-10-03 17:19:47 #17 type.registry] 
New type java.util.ArrayList<domain.RaceHorse>

[2021-10-03 17:19:47 #18 type.registry] 
New type java.util.ArrayList<domain.Bet>

