------------------------------------------------------------------------------------------------------------------------

[2021-11-07 06:41:59 #1 store] 
Database 'C:\UNI\SI2\HorseRaces\null' is opened by 9536@DESKTOP-D1B8POF

[2021-11-07 06:41:59 #2 type] 
Type domain.Registered is not enhanced.

[2021-11-07 06:41:59 #3 type] 
Type domain.Admin is not enhanced.

[2021-11-07 06:41:59 #4 type] 
Type domain.Client is not enhanced.

[2021-11-07 06:41:59 #5 type] 
Type domain.Bet is not enhanced.

[2021-11-07 06:41:59 #6 type] 
Type domain.RaceHorse is not enhanced.

[2021-11-07 06:41:59 #7 type] 
Type domain.Horse is not enhanced.

[2021-11-07 06:41:59 #8 type] 
Type domain.Race is not enhanced.

[2021-11-07 06:41:59 #9 type] 
Type domain.StartTime is not enhanced.

------------------------------------------------------------------------------------------------------------------------

[2021-11-07 06:44:05 #1 store] 
Database 'C:\UNI\SI2\HorseRaces\null' is opened by 8360@DESKTOP-D1B8POF

[2021-11-07 06:44:05 #2 type] 
Type domain.Registered is not enhanced.

[2021-11-07 06:44:05 #3 type] 
Type domain.Admin is not enhanced.

[2021-11-07 06:44:05 #4 type] 
Type domain.Client is not enhanced.

[2021-11-07 06:44:05 #5 type] 
Type domain.Bet is not enhanced.

[2021-11-07 06:44:05 #6 type] 
Type domain.RaceHorse is not enhanced.

[2021-11-07 06:44:05 #7 type] 
Type domain.Horse is not enhanced.

[2021-11-07 06:44:05 #8 type] 
Type domain.Race is not enhanced.

[2021-11-07 06:44:05 #9 type] 
Type domain.StartTime is not enhanced.

------------------------------------------------------------------------------------------------------------------------

[2021-11-07 06:44:11 #1 store] 
Database 'C:\UNI\SI2\HorseRaces\null' is opened by 8396@DESKTOP-D1B8POF

[2021-11-07 06:44:11 #2 type] 
Type domain.Registered is not enhanced.

[2021-11-07 06:44:11 #3 type] 
Type domain.Admin is not enhanced.

[2021-11-07 06:44:11 #4 type] 
Type domain.Client is not enhanced.

[2021-11-07 06:44:11 #5 type] 
Type domain.Bet is not enhanced.

[2021-11-07 06:44:11 #6 type] 
Type domain.RaceHorse is not enhanced.

[2021-11-07 06:44:11 #7 type] 
Type domain.Horse is not enhanced.

[2021-11-07 06:44:11 #8 type] 
Type domain.Race is not enhanced.

[2021-11-07 06:44:11 #9 type] 
Type domain.StartTime is not enhanced.

------------------------------------------------------------------------------------------------------------------------

[2021-11-07 06:44:47 #1 store] 
Database 'C:\UNI\SI2\HorseRaces\null' is opened by 19432@DESKTOP-D1B8POF

[2021-11-07 06:44:47 #2 type] 
Type domain.Registered is not enhanced.

[2021-11-07 06:44:47 #3 type] 
Type domain.Admin is not enhanced.

[2021-11-07 06:44:47 #4 type] 
Type domain.Client is not enhanced.

[2021-11-07 06:44:47 #5 type] 
Type domain.Bet is not enhanced.

[2021-11-07 06:44:47 #6 type] 
Type domain.RaceHorse is not enhanced.

[2021-11-07 06:44:47 #7 type] 
Type domain.Horse is not enhanced.

[2021-11-07 06:44:47 #8 type] 
Type domain.Race is not enhanced.

[2021-11-07 06:44:47 #9 type] 
Type domain.StartTime is not enhanced.

------------------------------------------------------------------------------------------------------------------------

[2021-11-07 06:45:05 #1 store] 
Database 'C:\UNI\SI2\HorseRaces\null' is opened by 4400@DESKTOP-D1B8POF

[2021-11-07 06:45:05 #2 type] 
Type domain.Registered is not enhanced.

[2021-11-07 06:45:05 #3 type] 
Type domain.Admin is not enhanced.

[2021-11-07 06:45:05 #4 type] 
Type domain.Client is not enhanced.

[2021-11-07 06:45:05 #5 type] 
Type domain.Bet is not enhanced.

[2021-11-07 06:45:05 #6 type] 
Type domain.RaceHorse is not enhanced.

[2021-11-07 06:45:05 #7 type] 
Type domain.Horse is not enhanced.

[2021-11-07 06:45:05 #8 type] 
Type domain.Race is not enhanced.

[2021-11-07 06:45:05 #9 type] 
Type domain.StartTime is not enhanced.

------------------------------------------------------------------------------------------------------------------------

[2021-11-07 06:45:31 #1 store] 
Database 'C:\UNI\SI2\HorseRaces\null' is opened by 10888@DESKTOP-D1B8POF

[2021-11-07 06:45:32 #2 type] 
Type domain.Registered is not enhanced.

[2021-11-07 06:45:32 #3 type] 
Type domain.Admin is not enhanced.

[2021-11-07 06:45:32 #4 type] 
Type domain.Client is not enhanced.

[2021-11-07 06:45:32 #5 type] 
Type domain.Bet is not enhanced.

[2021-11-07 06:45:32 #6 type] 
Type domain.RaceHorse is not enhanced.

[2021-11-07 06:45:32 #7 type] 
Type domain.Horse is not enhanced.

[2021-11-07 06:45:32 #8 type] 
Type domain.Race is not enhanced.

[2021-11-07 06:45:32 #9 type] 
Type domain.StartTime is not enhanced.

------------------------------------------------------------------------------------------------------------------------

[2021-11-07 06:45:51 #1 store] 
Database 'C:\UNI\SI2\HorseRaces\null' is opened by 4580@DESKTOP-D1B8POF

[2021-11-07 06:45:51 #2 type] 
Type domain.Registered is not enhanced.

[2021-11-07 06:45:51 #3 type] 
Type domain.Admin is not enhanced.

[2021-11-07 06:45:51 #4 type] 
Type domain.Client is not enhanced.

[2021-11-07 06:45:51 #5 type] 
Type domain.Bet is not enhanced.

[2021-11-07 06:45:51 #6 type] 
Type domain.RaceHorse is not enhanced.

[2021-11-07 06:45:51 #7 type] 
Type domain.Horse is not enhanced.

[2021-11-07 06:45:51 #8 type] 
Type domain.Race is not enhanced.

[2021-11-07 06:45:51 #9 type] 
Type domain.StartTime is not enhanced.

------------------------------------------------------------------------------------------------------------------------

[2021-11-07 06:47:07 #1 store] 
Database 'C:\UNI\SI2\HorseRaces\null' is opened by 10024@DESKTOP-D1B8POF

[2021-11-07 06:47:07 #2 type] 
Type domain.Registered is not enhanced.

[2021-11-07 06:47:07 #3 type] 
Type domain.Admin is not enhanced.

[2021-11-07 06:47:07 #4 type] 
Type domain.Client is not enhanced.

[2021-11-07 06:47:07 #5 type] 
Type domain.Bet is not enhanced.

[2021-11-07 06:47:07 #6 type] 
Type domain.RaceHorse is not enhanced.

[2021-11-07 06:47:07 #7 type] 
Type domain.Horse is not enhanced.

[2021-11-07 06:47:07 #8 type] 
Type domain.Race is not enhanced.

[2021-11-07 06:47:07 #9 type] 
Type domain.StartTime is not enhanced.

------------------------------------------------------------------------------------------------------------------------

[2021-11-07 06:49:48 #1 store] 
Database 'C:\UNI\SI2\HorseRaces\null' is opened by 18332@DESKTOP-D1B8POF

[2021-11-07 06:49:48 #2 type] 
Type domain.Registered is not enhanced.

[2021-11-07 06:49:48 #3 type] 
Type domain.Admin is not enhanced.

[2021-11-07 06:49:48 #4 type] 
Type domain.Client is not enhanced.

[2021-11-07 06:49:48 #5 type] 
Type domain.Bet is not enhanced.

[2021-11-07 06:49:48 #6 type] 
Type domain.RaceHorse is not enhanced.

[2021-11-07 06:49:48 #7 type] 
Type domain.Horse is not enhanced.

[2021-11-07 06:49:48 #8 type] 
Type domain.Race is not enhanced.

[2021-11-07 06:49:48 #9 type] 
Type domain.StartTime is not enhanced.

------------------------------------------------------------------------------------------------------------------------

[2021-11-07 06:51:52 #1 store] 
Database 'C:\UNI\SI2\HorseRaces\null' is opened by 16960@DESKTOP-D1B8POF

[2021-11-07 06:51:52 #2 type] 
Type domain.Registered is not enhanced.

[2021-11-07 06:51:52 #3 type] 
Type domain.Admin is not enhanced.

[2021-11-07 06:51:52 #4 type] 
Type domain.Client is not enhanced.

[2021-11-07 06:51:52 #5 type] 
Type domain.Bet is not enhanced.

[2021-11-07 06:51:52 #6 type] 
Type domain.RaceHorse is not enhanced.

[2021-11-07 06:51:52 #7 type] 
Type domain.Horse is not enhanced.

[2021-11-07 06:51:52 #8 type] 
Type domain.Race is not enhanced.

[2021-11-07 06:51:52 #9 type] 
Type domain.StartTime is not enhanced.

------------------------------------------------------------------------------------------------------------------------

[2021-11-07 06:52:47 #1 store] 
Database 'C:\UNI\SI2\HorseRaces\null' is opened by 14380@DESKTOP-D1B8POF

[2021-11-07 06:52:47 #2 type] 
Type domain.Registered is not enhanced.

[2021-11-07 06:52:47 #3 type] 
Type domain.Admin is not enhanced.

[2021-11-07 06:52:47 #4 type] 
Type domain.Client is not enhanced.

[2021-11-07 06:52:47 #5 type] 
Type domain.Bet is not enhanced.

[2021-11-07 06:52:47 #6 type] 
Type domain.RaceHorse is not enhanced.

[2021-11-07 06:52:47 #7 type] 
Type domain.Horse is not enhanced.

[2021-11-07 06:52:47 #8 type] 
Type domain.Race is not enhanced.

[2021-11-07 06:52:47 #9 type] 
Type domain.StartTime is not enhanced.

------------------------------------------------------------------------------------------------------------------------

[2021-11-07 06:53:35 #1 store] 
Database 'C:\UNI\SI2\HorseRaces\null' is opened by 18492@DESKTOP-D1B8POF

[2021-11-07 06:53:35 #2 type] 
Type domain.Registered is not enhanced.

[2021-11-07 06:53:35 #3 type] 
Type domain.Admin is not enhanced.

[2021-11-07 06:53:35 #4 type] 
Type domain.Client is not enhanced.

[2021-11-07 06:53:35 #5 type] 
Type domain.Bet is not enhanced.

[2021-11-07 06:53:35 #6 type] 
Type domain.RaceHorse is not enhanced.

[2021-11-07 06:53:35 #7 type] 
Type domain.Horse is not enhanced.

[2021-11-07 06:53:35 #8 type] 
Type domain.Race is not enhanced.

[2021-11-07 06:53:35 #9 type] 
Type domain.StartTime is not enhanced.

------------------------------------------------------------------------------------------------------------------------

[2021-11-07 06:54:48 #1 store] 
Database 'C:\UNI\SI2\HorseRaces\null' is opened by 18184@DESKTOP-D1B8POF

[2021-11-07 06:54:48 #2 type] 
Type domain.Registered is not enhanced.

[2021-11-07 06:54:48 #3 type] 
Type domain.Admin is not enhanced.

[2021-11-07 06:54:48 #4 type] 
Type domain.Client is not enhanced.

[2021-11-07 06:54:48 #5 type] 
Type domain.Bet is not enhanced.

[2021-11-07 06:54:48 #6 type] 
Type domain.RaceHorse is not enhanced.

[2021-11-07 06:54:48 #7 type] 
Type domain.Horse is not enhanced.

[2021-11-07 06:54:48 #8 type] 
Type domain.Race is not enhanced.

[2021-11-07 06:54:48 #9 type] 
Type domain.StartTime is not enhanced.

------------------------------------------------------------------------------------------------------------------------

[2021-11-07 06:55:17 #1 store] 
Database 'C:\UNI\SI2\HorseRaces\null' is opened by 360@DESKTOP-D1B8POF

[2021-11-07 06:55:17 #2 type] 
Type domain.Registered is not enhanced.

[2021-11-07 06:55:17 #3 type] 
Type domain.Admin is not enhanced.

[2021-11-07 06:55:17 #4 type] 
Type domain.Client is not enhanced.

[2021-11-07 06:55:17 #5 type] 
Type domain.Bet is not enhanced.

[2021-11-07 06:55:17 #6 type] 
Type domain.RaceHorse is not enhanced.

[2021-11-07 06:55:17 #7 type] 
Type domain.Horse is not enhanced.

[2021-11-07 06:55:17 #8 type] 
Type domain.Race is not enhanced.

[2021-11-07 06:55:17 #9 type] 
Type domain.StartTime is not enhanced.

------------------------------------------------------------------------------------------------------------------------

[2021-11-07 06:56:02 #1 store] 
Database 'C:\UNI\SI2\HorseRaces\null' is opened by 11084@DESKTOP-D1B8POF

[2021-11-07 06:56:02 #2 type] 
Type domain.Registered is not enhanced.

[2021-11-07 06:56:02 #3 type] 
Type domain.Admin is not enhanced.

[2021-11-07 06:56:02 #4 type] 
Type domain.Client is not enhanced.

[2021-11-07 06:56:02 #5 type] 
Type domain.Bet is not enhanced.

[2021-11-07 06:56:02 #6 type] 
Type domain.RaceHorse is not enhanced.

[2021-11-07 06:56:02 #7 type] 
Type domain.Horse is not enhanced.

[2021-11-07 06:56:02 #8 type] 
Type domain.Race is not enhanced.

[2021-11-07 06:56:02 #9 type] 
Type domain.StartTime is not enhanced.

