------------------------------------------------------------------------------------------------------------------------

[2021-11-01 05:01:14 #1 store] 
Database 'C:\UNI\SI2\HorseRaces\null' is opened by 16912@DESKTOP-D1B8POF

[2021-11-01 05:01:14 #2 type] 
Type domain.Registered is not enhanced.

[2021-11-01 05:01:14 #3 type] 
Type domain.Admin is not enhanced.

[2021-11-01 05:01:14 #4 type] 
Type domain.Client is not enhanced.

[2021-11-01 05:01:14 #5 type] 
Type domain.Bet is not enhanced.

[2021-11-01 05:01:14 #6 type] 
Type domain.RaceHorse is not enhanced.

[2021-11-01 05:01:14 #7 type] 
Type domain.Horse is not enhanced.

[2021-11-01 05:01:14 #8 type] 
Type domain.Race is not enhanced.

[2021-11-01 05:01:14 #9 type] 
Type domain.StartTime is not enhanced.

------------------------------------------------------------------------------------------------------------------------

[2021-11-01 05:01:45 #1 store] 
Database 'C:\UNI\SI2\HorseRaces\null' is opened by 6564@DESKTOP-D1B8POF

[2021-11-01 05:01:45 #2 type] 
Type domain.Registered is not enhanced.

[2021-11-01 05:01:45 #3 type] 
Type domain.Admin is not enhanced.

[2021-11-01 05:01:45 #4 type] 
Type domain.Client is not enhanced.

[2021-11-01 05:01:45 #5 type] 
Type domain.Bet is not enhanced.

[2021-11-01 05:01:45 #6 type] 
Type domain.RaceHorse is not enhanced.

[2021-11-01 05:01:45 #7 type] 
Type domain.Horse is not enhanced.

[2021-11-01 05:01:45 #8 type] 
Type domain.Race is not enhanced.

[2021-11-01 05:01:45 #9 type] 
Type domain.StartTime is not enhanced.

------------------------------------------------------------------------------------------------------------------------

[2021-11-01 05:04:05 #1 store] 
Database 'C:\UNI\SI2\HorseRaces\null' is opened by 10124@DESKTOP-D1B8POF

[2021-11-01 05:04:05 #2 type] 
Type domain.Registered is not enhanced.

[2021-11-01 05:04:05 #3 type] 
Type domain.Admin is not enhanced.

[2021-11-01 05:04:05 #4 type] 
Type domain.Client is not enhanced.

[2021-11-01 05:04:05 #5 type] 
Type domain.Bet is not enhanced.

[2021-11-01 05:04:05 #6 type] 
Type domain.RaceHorse is not enhanced.

[2021-11-01 05:04:05 #7 type] 
Type domain.Horse is not enhanced.

[2021-11-01 05:04:05 #8 type] 
Type domain.Race is not enhanced.

[2021-11-01 05:04:05 #9 type] 
Type domain.StartTime is not enhanced.

------------------------------------------------------------------------------------------------------------------------

[2021-11-01 05:06:49 #1 store] 
Database 'C:\UNI\SI2\HorseRaces\null' is opened by 784@DESKTOP-D1B8POF

[2021-11-01 05:06:49 #2 type] 
Type domain.Registered is not enhanced.

[2021-11-01 05:06:49 #3 type] 
Type domain.Admin is not enhanced.

[2021-11-01 05:06:49 #4 type] 
Type domain.Client is not enhanced.

[2021-11-01 05:06:49 #5 type] 
Type domain.Bet is not enhanced.

[2021-11-01 05:06:49 #6 type] 
Type domain.RaceHorse is not enhanced.

[2021-11-01 05:06:49 #7 type] 
Type domain.Horse is not enhanced.

[2021-11-01 05:06:49 #8 type] 
Type domain.Race is not enhanced.

[2021-11-01 05:06:49 #9 type] 
Type domain.StartTime is not enhanced.

------------------------------------------------------------------------------------------------------------------------

[2021-11-01 05:28:35 #1 store] 
Database 'C:\UNI\SI2\HorseRaces\null' is opened by 11920@DESKTOP-D1B8POF

[2021-11-01 05:28:35 #2 type] 
Type domain.Registered is not enhanced.

[2021-11-01 05:28:35 #3 type] 
Type domain.Admin is not enhanced.

[2021-11-01 05:28:35 #4 type] 
Type domain.Client is not enhanced.

[2021-11-01 05:28:35 #5 type] 
Type domain.Bet is not enhanced.

[2021-11-01 05:28:35 #6 type] 
Type domain.RaceHorse is not enhanced.

[2021-11-01 05:28:35 #7 type] 
Type domain.Horse is not enhanced.

[2021-11-01 05:28:35 #8 type] 
Type domain.Race is not enhanced.

[2021-11-01 05:28:35 #9 type] 
Type domain.StartTime is not enhanced.

