------------------------------------------------------------------------------------------------------------------------

[2021-09-17 15:16:41 #1 store] 
Database 'C:\Users\Julen\Documents\GitHub\horse-races\src\main\resources\horseRaces.temp' is opened by 11568@DESKTOP-D1B8POF

[2021-09-17 15:16:41 #2 type.registry] 
New type domain.Registered

[2021-09-17 15:16:41 #3 type.registry] 
New type domain.Admin

[2021-09-17 15:16:41 #4 type] 
Type domain.Registered is not enhanced.

[2021-09-17 15:16:41 #5 type] 
Type domain.Admin is not enhanced.

[2021-09-17 15:16:41 #6 type.registry] 
New type domain.Client

[2021-09-17 15:16:41 #7 type] 
Type domain.Client is not enhanced.

[2021-09-17 15:16:41 #8 type.registry] 
New type domain.Bet

[2021-09-17 15:16:41 #9 type] 
Type domain.Bet is not enhanced.

[2021-09-17 15:16:41 #10 type.registry] 
New type domain.RaceHorse

[2021-09-17 15:16:41 #11 type] 
Type domain.RaceHorse is not enhanced.

[2021-09-17 15:16:41 #12 type.registry] 
New type domain.Horse

[2021-09-17 15:16:41 #13 type.registry] 
New type domain.Race

[2021-09-17 15:16:41 #14 type] 
Type domain.Horse is not enhanced.

[2021-09-17 15:16:41 #15 type] 
Type domain.Race is not enhanced.

[2021-09-17 15:16:41 #16 type.registry] 
New type domain.StartTime

[2021-09-17 15:16:41 #17 type] 
Type domain.StartTime is not enhanced.

[2021-09-17 15:16:41 #18 type.registry] 
New type java.util.ArrayList<java.lang.Object>

[2021-09-17 15:16:41 #19 type.registry] 
New type java.util.ArrayList<domain.RaceHorse>

[2021-09-17 15:16:41 #20 type.registry] 
New type java.util.ArrayList<domain.Bet>

------------------------------------------------------------------------------------------------------------------------

[2021-09-17 15:18:10 #1 store] 
Database 'C:\Users\Julen\Documents\GitHub\horse-races\src\main\resources\horseRaces.temp' is opened by 6792@DESKTOP-D1B8POF

[2021-09-17 15:18:10 #2 type.registry] 
New type domain.Registered

[2021-09-17 15:18:10 #3 type.registry] 
New type domain.Admin

[2021-09-17 15:18:10 #4 type] 
Type domain.Registered is not enhanced.

[2021-09-17 15:18:10 #5 type] 
Type domain.Admin is not enhanced.

[2021-09-17 15:18:10 #6 type.registry] 
New type domain.Client

[2021-09-17 15:18:10 #7 type] 
Type domain.Client is not enhanced.

[2021-09-17 15:18:10 #8 type.registry] 
New type domain.Bet

[2021-09-17 15:18:10 #9 type] 
Type domain.Bet is not enhanced.

[2021-09-17 15:18:10 #10 type.registry] 
New type domain.RaceHorse

[2021-09-17 15:18:10 #11 type] 
Type domain.RaceHorse is not enhanced.

[2021-09-17 15:18:10 #12 type.registry] 
New type domain.Horse

[2021-09-17 15:18:10 #13 type.registry] 
New type domain.Race

[2021-09-17 15:18:10 #14 type] 
Type domain.Horse is not enhanced.

[2021-09-17 15:18:10 #15 type] 
Type domain.Race is not enhanced.

[2021-09-17 15:18:10 #16 type.registry] 
New type domain.StartTime

[2021-09-17 15:18:10 #17 type] 
Type domain.StartTime is not enhanced.

[2021-09-17 15:18:10 #18 type.registry] 
New type java.util.ArrayList<java.lang.Object>

[2021-09-17 15:18:10 #19 type.registry] 
New type java.util.ArrayList<domain.RaceHorse>

[2021-09-17 15:18:10 #20 type.registry] 
New type java.util.ArrayList<domain.Bet>

------------------------------------------------------------------------------------------------------------------------

[2021-09-17 15:23:56 #1 store] 
Database 'C:\Users\Julen\Documents\GitHub\horse-races\src\main\resources\horseRaces.temp' is opened by 4612@DESKTOP-D1B8POF

[2021-09-17 15:23:57 #2 type.registry] 
New type domain.Registered

[2021-09-17 15:23:57 #3 type.registry] 
New type domain.Admin

[2021-09-17 15:23:57 #4 type] 
Type domain.Registered is not enhanced.

[2021-09-17 15:23:57 #5 type] 
Type domain.Admin is not enhanced.

[2021-09-17 15:23:57 #6 type.registry] 
New type domain.Client

[2021-09-17 15:23:57 #7 type] 
Type domain.Client is not enhanced.

[2021-09-17 15:23:57 #8 type.registry] 
New type domain.Bet

[2021-09-17 15:23:57 #9 type] 
Type domain.Bet is not enhanced.

[2021-09-17 15:23:57 #10 type.registry] 
New type domain.RaceHorse

[2021-09-17 15:23:57 #11 type] 
Type domain.RaceHorse is not enhanced.

[2021-09-17 15:23:57 #12 type.registry] 
New type domain.Horse

[2021-09-17 15:23:57 #13 type.registry] 
New type domain.Race

[2021-09-17 15:23:57 #14 type] 
Type domain.Horse is not enhanced.

[2021-09-17 15:23:57 #15 type] 
Type domain.Race is not enhanced.

[2021-09-17 15:23:57 #16 type.registry] 
New type domain.StartTime

[2021-09-17 15:23:57 #17 type] 
Type domain.StartTime is not enhanced.

[2021-09-17 15:23:57 #18 type.registry] 
New type java.util.ArrayList<java.lang.Object>

[2021-09-17 15:23:57 #19 type.registry] 
New type java.util.ArrayList<domain.RaceHorse>

[2021-09-17 15:23:57 #20 type.registry] 
New type java.util.ArrayList<domain.Bet>

